"../../../Engine/Content/ArtTools/RenderToTexture/Enums/RenderToTexture_Enum.uasset" 0
"../../../Engine/Content/ArtTools/RenderToTexture/Enums/RenderToTexture_Flipbook_Enum.uasset" 1
"../../../Engine/Content/ArtTools/RenderToTexture/Enums/RenderToTexture_Imposter_Enum.uasset" 2
"../../../Engine/Content/EditorBlueprintResources/StandardMacros.uasset" 3
"../../../Engine/Content/ArtTools/RenderToTexture/Enums/EIntTypes.uasset" 4
"../../../Engine/Content/ArtTools/RenderToTexture/Macros/RenderToTextureFunctionLibrary.uasset" 5
"../../../Engine/Content/ArtTools/RenderToTexture/Enums/EFloatTypes.uasset" 6
"../../../Engine/Content/ArtTools/RenderToTexture/Macros/RenderToTextureMacros.uasset" 7
"../../../Engine/Content/Functions/Engine_MaterialFunctions01/Opacity/CameraDepthFade.uasset" 8
"../../../Engine/Content/EngineMaterials/T_Default_Material_Grid_M.uasset" 9
"../../../Engine/Content/EngineMaterials/T_Default_Material_Grid_N.uasset" 10
"../../../Engine/Content/EngineMaterials/WorldGridMaterial.uasset" 11
"../../../Engine/Content/ArtTools/RenderToTexture/Meshes/S_1_Unit_Plane.uasset" 12
"../../../Engine/Content/EngineMaterials/DefaultMaterial.uasset" 13
"../../../Engine/Content/BasicShapes/Cone.uasset" 14
"../../../Engine/Content/BasicShapes/Cylinder.uasset" 15
"../../../Engine/Content/BasicShapes/Plane.uasset" 16
"../../../Engine/Content/BasicShapes/Sphere.uasset" 17
"../../../Engine/Content/EngineMaterials/DefaultPhysicalMaterial.uasset" 18
"../../../Engine/Content/BufferVisualization/AmbientOcclusion.uasset" 19
"../../../Engine/Content/BufferVisualization/BaseColor.uasset" 20
"../../../Engine/Content/BufferVisualization/CustomDepth.uasset" 21
"../../../Engine/Content/Functions/Engine_MaterialFunctions02/Utility/VectorLength.uasset" 22
"../../../Engine/Content/BufferVisualization/CustomDepthWorldUnits.uasset" 23
"../../../Engine/Content/Functions/Engine_MaterialFunctions02/Utility/BreakOutFloat2Components.uasset" 24
"../../../Engine/Content/Functions/Engine_MaterialFunctions01/Texturing/ScaleUVsByCenter.uasset" 25
"../../../Engine/Content/Functions/Engine_MaterialFunctions02/ScreenResolution.uasset" 26
"../../../Engine/Content/Functions/Engine_MaterialFunctions02/Texturing/ScreenAlignedUVs.uasset" 27
"../../../Engine/Content/Functions/Engine_MaterialFunctions02/Utility/MakeFloat2.uasset" 28
"../../../Engine/Content/Functions/Engine_MaterialFunctions02/Utility/MakeFloat3.uasset" 29
"../../../Engine/Content/EngineMaterials/MiniFont.uasset" 30
"../../../Engine/Content/BufferVisualization/CustomStencil.uasset" 31
"../../../Engine/Content/BufferVisualization/FinalImage.uasset" 32
"../../../Engine/Content/BufferVisualization/LightingModel.uasset" 33
"../../../Engine/Content/BufferVisualization/MaterialAO.uasset" 34
"../../../Engine/Content/BufferVisualization/Metallic.uasset" 35
"../../../Engine/Content/BufferVisualization/Opacity.uasset" 36
"../../../Engine/Content/BufferVisualization/PostTonemapHDRColor.uasset" 37
"../../../Engine/Content/BufferVisualization/PreTonemapHDRColor.uasset" 38
"../../../Engine/Content/BufferVisualization/Roughness.uasset" 39
"../../../Engine/Content/BufferVisualization/SceneColor.uasset" 40
"../../../Engine/Content/BufferVisualization/SceneDepth.uasset" 41
"../../../Engine/Content/BufferVisualization/SceneDepthWorldUnits.uasset" 42
"../../../Engine/Content/BufferVisualization/SeparateTranslucencyA.uasset" 43
"../../../Engine/Content/BufferVisualization/SeparateTranslucencyRGB.uasset" 44
"../../../Engine/Content/BufferVisualization/Specular.uasset" 45
"../../../Engine/Content/BufferVisualization/SubsurfaceColor.uasset" 46
"../../../Engine/Content/BufferVisualization/Velocity.uasset" 47
"../../../Engine/Content/BufferVisualization/WorldNormal.uasset" 48
"../../../Engine/Content/EditorBlueprintResources/ActorMacros.uasset" 49
"../../../Engine/Content/EditorLandscapeResources/DataLayer.uasset" 50
"../../../Engine/Content/EditorLandscapeResources/DefaultAlphaTexture.uasset" 51
"../../../Engine/Content/EditorLandscapeResources/LandscapeGizmoHeight_Mat.uasset" 52
"../../../Engine/Content/EditorLandscapeResources/LandscapeGizmo_Mat.uasset" 53
"../../../Engine/Content/EditorLandscapeResources/LandscapeGizmo_Mat_Copied.uasset" 54
"../../../Engine/Content/EditorLandscapeResources/SplineEditorMeshMat.uasset" 55
"../../../Engine/Content/EditorLandscapeResources/SplineEditorMesh.uasset" 56
"../../../Engine/Content/EditorMaterials/Cross.uasset" 57
"../../../Engine/Content/EditorMaterials/Cross_Mat.uasset" 58
"../../../Engine/Content/EditorMaterials/GizmoMaterial.uasset" 59
"../../../Engine/Content/Functions/Engine_MaterialFunctions02/ExampleContent/Textures/flipbook.uasset" 60
"../../../Engine/Content/Functions/Engine_MaterialFunctions02/Texturing/FlipBook.uasset" 61
"../../../Engine/Content/Functions/Engine_MaterialFunctions02/Utility/Sign.uasset" 62
"../../../Engine/Content/Functions/Engine_MaterialFunctions02/Utility/Round.uasset" 63
"../../../Engine/Content/EditorResources/T_EditorHelp.uasset" 64
"../../../Engine/Content/EditorMaterials/HelpActorMaterial.uasset" 65
"../../../Engine/Content/EditorMaterials/CompositeARGBLayer.uasset" 66
"../../../Engine/Content/EditorMaterials/TilingAALineIntegral.uasset" 67
"../../../Engine/Content/EditorMaterials/TilingAALineBoxFiltered.uasset" 68
"../../../Engine/Content/Functions/Engine_MaterialFunctions03/Procedurals/ComputeFilterWidth.uasset" 69
"../../../Engine/Content/EditorMaterials/TilingAADots.uasset" 70
"../../../Engine/Content/EngineMaterials/BlendFunc_DefBase.uasset" 71
"../../../Engine/Content/EngineMaterials/BlendFunc_DefBlend.uasset" 72
"../../../Engine/Content/Functions/Engine_MaterialFunctions03/Blends/Blend_Screen.uasset" 73
"../../../Engine/Content/EditorMaterials/TilingAAGrid.uasset" 74
"../../../Engine/Content/EditorMaterials/LevelGridMaterial.uasset" 75
"../../../Engine/Content/EditorMaterials/MakeCompositeARGBLayer.uasset" 76
"../../../Engine/Content/EditorResources/LevelGrid1DStripes.uasset" 77
"../../../Engine/Content/EditorMaterials/TextureGridCascaded1D.uasset" 78
"../../../Engine/Content/EditorMaterials/TextureGridCascaded2D.uasset" 79
"../../../Engine/Content/EditorMaterials/LevelGridMaterial2.uasset" 80
"../../../Engine/Content/EditorMaterials/MAT_Groups_Toggle.uasset" 81
"../../../Engine/Content/EditorMaterials/MAT_Groups_Visibility.uasset" 82
"../../../Engine/Content/EditorMaterials/AntialiasedGridFloor.uasset" 83
"../../../Engine/Content/EditorResources/TilePatine_D.uasset" 84
"../../../Engine/Content/EditorResources/TilePatine_N.uasset" 85
"../../../Engine/Content/EngineMaterials/Grid.uasset" 86
"../../../Engine/Content/EditorMaterials/PersonaFloorMat.uasset" 87
"../../../Engine/Content/EditorMaterials/PhAT_BoneSelectedMaterial.uasset" 88
"../../../Engine/Content/EditorMaterials/PhAT_ElemSelectedMaterial.uasset" 89
"../../../Engine/Content/EditorMaterials/PhAT_NoCollisionMaterial.uasset" 90
"../../../Engine/Content/EditorMaterials/PhAT_UnselectedMaterial.uasset" 91
"../../../Engine/Content/EditorMaterials/PreviewShadowIndicator.uasset" 92
"../../../Engine/Content/EditorMaterials/PreviewShadowIndicatorMaterial.uasset" 93
"../../../Engine/Content/EditorMaterials/TargetIcon.uasset" 94
"../../../Engine/Content/EditorMaterials/Tick.uasset" 95
"../../../Engine/Content/EditorMaterials/Tick_Mat.uasset" 96
"../../../Engine/Content/EditorMaterials/WidgetGridVertexColorMaterial.uasset" 97
"../../../Engine/Content/EditorMaterials/WidgetGridVertexColorMaterial_Ma.uasset" 98
"../../../Engine/Content/EditorMaterials/WidgetMaterial.uasset" 99
"../../../Engine/Content/EditorMaterials/WidgetMaterial_Current.uasset" 100
"../../../Engine/Content/EditorMaterials/WidgetMaterial_X.uasset" 101
"../../../Engine/Content/EditorMaterials/WidgetMaterial_Y.uasset" 102
"../../../Engine/Content/EditorMaterials/WidgetMaterial_Z.uasset" 103
"../../../Engine/Content/EditorMaterials/WidgetVertexColorMaterial.uasset" 104
"../../../Engine/Content/EditorMaterials/MatineeGroups/MAT_ColorTrack.uasset" 105
"../../../Engine/Content/EditorMaterials/MatineeGroups/MAT_Groups_Anim.uasset" 106
"../../../Engine/Content/EditorMaterials/MatineeGroups/MAT_Groups_AudioMaster.uasset" 107
"../../../Engine/Content/EditorMaterials/MatineeGroups/MAT_Groups_Director.uasset" 108
"../../../Engine/Content/EditorMaterials/MatineeGroups/MAT_Groups_Event.uasset" 109
"../../../Engine/Content/EditorMaterials/MatineeGroups/MAT_Groups_Fade.uasset" 110
"../../../Engine/Content/EditorMaterials/MatineeGroups/MAT_Groups_Float.uasset" 111
"../../../Engine/Content/EditorMaterials/MatineeGroups/MAT_Groups_Move.uasset" 112
"../../../Engine/Content/EditorMaterials/MatineeGroups/MAT_Groups_Slomo.uasset" 113
"../../../Engine/Content/EditorMaterials/MatineeGroups/MAT_Groups_Sound.uasset" 114
"../../../Engine/Content/EditorMaterials/MatineeGroups/MAT_Groups_Vector.uasset" 115
"../../../Engine/Content/EditorMaterials/ParticleSystems/PSysThumbnail_NoImage.uasset" 116
"../../../Engine/Content/EditorMaterials/ParticleSystems/PSysThumbnail_OOD.uasset" 117
"../../../Engine/Content/EditorMaterials/Thumbnails/FloorPlaneMaterial.uasset" 118
"../../../Engine/Content/EditorMeshes/EditorCube.uasset" 119
"../../../Engine/Content/EditorMeshes/EditorCylinder.uasset" 120
"../../../Engine/Content/EditorMeshes/EditorPlane.uasset" 121
"../../../Engine/Content/EditorMaterials/Thumbnails/SkySphereMaterial.uasset" 122
"../../../Engine/Content/EditorMeshes/EditorSkySphere.uasset" 123
"../../../Engine/Content/EditorMeshes/EditorSphere.uasset" 124
"../../../Engine/Content/EditorResources/MatineeCam_D.uasset" 125
"../../../Engine/Content/EditorMaterials/MatineeCam_mat.uasset" 126
"../../../Engine/Content/EditorMeshes/MatineeCam_SM.uasset" 127
"../../../Engine/Content/Functions/Engine_MaterialFunctions01/Shading/ConvertFromDiffSpec.uasset" 128
"../../../Engine/Content/EditorMaterials/GridMaterial.uasset" 129
"../../../Engine/Content/EditorMeshes/PhAT_FloorBox.uasset" 130
"../../../Engine/Content/EditorMeshes/PlanarReflectionPlane.uasset" 131
"../../../Engine/Content/EditorMaterials/Camera/CineMat.uasset" 132
"../../../Engine/Content/EditorMaterials/Camera/MI_CineMat_CameraBody.uasset" 133
"../../../Engine/Content/EngineDebugMaterials/M_SimpleOpaque.uasset" 134
"../../../Engine/Content/EditorMaterials/Camera/MI_CineMat_CamViewFinder.uasset" 135
"../../../Engine/Content/EditorMeshes/Camera/SM_CineCam.uasset" 136
"../../../Engine/Content/EditorMaterials/Camera/MI_CineMat_Rig.uasset" 137
"../../../Engine/Content/EditorMeshes/Camera/SM_CraneRig_Arm.uasset" 138
"../../../Engine/Content/EditorMeshes/Camera/SM_CraneRig_Base.uasset" 139
"../../../Engine/Content/EditorMeshes/Camera/SM_CraneRig_Body.uasset" 140
"../../../Engine/Content/EditorMeshes/Camera/SM_CraneRig_Mount.uasset" 141
"../../../Engine/Content/EditorMeshes/Camera/SM_RailRig_Mount.uasset" 142
"../../../Engine/Content/EditorMeshes/Camera/SM_RailRig_Track.uasset" 143
"../../../Engine/Content/EditorMeshes/ColorCalibrator/M_ChromeBall.uasset" 144
"../../../Engine/Content/EditorResources/Bad.uasset" 145
"../../../Engine/Content/EditorResources/BSPVertex.uasset" 146
"../../../Engine/Content/EditorResources/EmptyActor.uasset" 147
"../../../Engine/Content/EditorResources/MatInstActSprite.uasset" 148
"../../../Engine/Content/EditorResources/SceneManager.uasset" 149
"../../../Engine/Content/EditorResources/SmallFont.uasset" 150
"../../../Engine/Content/EditorResources/S_Actor.uasset" 151
"../../../Engine/Content/EditorResources/S_DecalActorIcon.uasset" 152
"../../../Engine/Content/EditorResources/S_Emitter.uasset" 153
"../../../Engine/Content/EditorResources/S_ExpoHeightFog.uasset" 154
"../../../Engine/Content/EditorResources/S_FTest.uasset" 155
"../../../Engine/Content/EditorResources/S_KBSJoint.uasset" 156
"../../../Engine/Content/EditorResources/S_KHinge.uasset" 157
"../../../Engine/Content/EditorResources/S_KPrismatic.uasset" 158
"../../../Engine/Content/EditorResources/S_LevelSequence.uasset" 159
"../../../Engine/Content/EditorResources/S_NavP.uasset" 160
"../../../Engine/Content/EditorResources/S_Note.uasset" 161
"../../../Engine/Content/EditorResources/S_Player.uasset" 162
"../../../Engine/Content/EditorResources/S_PortalActorIcon2.uasset" 163
"../../../Engine/Content/EditorResources/S_RadForce.uasset" 164
"../../../Engine/Content/EditorResources/S_ReflActorIcon.uasset" 165
"../../../Engine/Content/EditorResources/S_Solver.uasset" 166
"../../../Engine/Content/EditorResources/S_Terrain.uasset" 167
"../../../Engine/Content/EditorResources/S_TextRenderActorIcon.uasset" 168
"../../../Engine/Content/EditorResources/S_Thruster.uasset" 169
"../../../Engine/Content/EditorResources/S_Trigger.uasset" 170
"../../../Engine/Content/EditorResources/S_VectorFieldVol.uasset" 171
"../../../Engine/Content/EditorResources/S_WindDirectional.uasset" 172
"../../../Engine/Content/EditorResources/AI/S_NavLink.uasset" 173
"../../../Engine/Content/EditorResources/LightIcons/SkyLight.uasset" 174
"../../../Engine/Content/EditorResources/LightIcons/S_LightDirectional.uasset" 175
"../../../Engine/Content/EditorResources/LightIcons/S_LightDirectionalMove.uasset" 176
"../../../Engine/Content/EditorResources/LightIcons/S_LightError.uasset" 177
"../../../Engine/Content/EditorResources/LightIcons/S_LightPoint.uasset" 178
"../../../Engine/Content/EditorResources/LightIcons/S_LightPointMove.uasset" 179
"../../../Engine/Content/EditorResources/LightIcons/S_LightSpot.uasset" 180
"../../../Engine/Content/EditorResources/LightIcons/S_LightSpotMove.uasset" 181
"../../../Engine/Content/EditorResources/SequenceRecorder/Countdown.uasset" 182
"../../../Engine/Content/EditorResources/SequenceRecorder/RecordingIndicator.uasset" 183
"../../../Engine/Content/EditorResources/Spline/T_Loft_Spline.uasset" 184
"../../../Engine/Content/EditorSounds/Notifications/CompileFailed.uasset" 185
"../../../Engine/Content/EditorSounds/Notifications/CompileFailed_Cue.uasset" 186
"../../../Engine/Content/EditorSounds/Notifications/CompileSuccess.uasset" 187
"../../../Engine/Content/EditorSounds/Notifications/CompileStart_Cue.uasset" 188
"../../../Engine/Content/EditorSounds/Notifications/CompileSuccess_Cue.uasset" 189
"../../../Engine/Content/EngineDamageTypes/DmgTypeBP_Environmental.uasset" 190
"../../../Engine/Content/EngineDebugMaterials/HeatmapGradient.uasset" 191
"../../../Engine/Content/EngineDebugMaterials/BoneWeightMaterial.uasset" 192
"../../../Engine/Content/EngineDebugMaterials/ClothMaterial.uasset" 193
"../../../Engine/Content/EngineDebugMaterials/ClothMaterial_WF.uasset" 194
"../../../Engine/Content/EngineDebugMaterials/DebugEditorMaterial.uasset" 195
"../../../Engine/Content/EngineDebugMaterials/DebugMeshMaterial.uasset" 196
"../../../Engine/Content/EngineDebugMaterials/GeomMaterial.uasset" 197
"../../../Engine/Content/EngineDebugMaterials/LevelColorationLitMaterial.uasset" 198
"../../../Engine/Content/EngineDebugMaterials/LevelColorationUnlitMaterial.uasset" 199
"../../../Engine/Content/EngineMaterials/DefaultWhiteGrid.uasset" 200
"../../../Engine/Content/EngineDebugMaterials/MAT_LevelColorationLitLightmapUV.uasset" 201
"../../../Engine/Content/EngineDebugMaterials/M_SimpleTranslucent.uasset" 202
"../../../Engine/Content/Functions/Engine_MaterialFunctions02/Utility/CameraDirectionVector.uasset" 203
"../../../Engine/Content/EngineDebugMaterials/VolumeToRender.uasset" 204
"../../../Engine/Content/EngineDebugMaterials/M_VolumeRenderSphereTracePP.uasset" 205
"../../../Engine/Content/EngineDebugMaterials/ShadedLevelColorationLitMaterial.uasset" 206
"../../../Engine/Content/EngineDebugMaterials/ShadedLevelColorationUnlitMateri.uasset" 207
"../../../Engine/Content/EngineDebugMaterials/VertexColorMaterial.uasset" 208
"../../../Engine/Content/EngineDebugMaterials/VertexColorViewMode_AlphaAsColor.uasset" 209
"../../../Engine/Content/EngineDebugMaterials/VertexColorViewMode_BlueOnly.uasset" 210
"../../../Engine/Content/EngineDebugMaterials/VertexColorViewMode_ColorOnly.uasset" 211
"../../../Engine/Content/EngineDebugMaterials/VertexColorViewMode_GreenOnly.uasset" 212
"../../../Engine/Content/EngineDebugMaterials/VertexColorViewMode_RedOnly.uasset" 213
"../../../Engine/Content/EngineDebugMaterials/WireframeMaterial.uasset" 214
"../../../Engine/Content/EngineFonts/Faces/RobotoBold.uasset" 215
"../../../Engine/Content/EngineFonts/Faces/RobotoBoldItalic.uasset" 216
"../../../Engine/Content/EngineFonts/Faces/RobotoItalic.uasset" 217
"../../../Engine/Content/EngineFonts/Faces/RobotoLight.uasset" 218
"../../../Engine/Content/EngineFonts/Faces/RobotoRegular.uasset" 219
"../../../Engine/Content/EngineFonts/Roboto.uasset" 220
"../../../Engine/Content/EngineFonts/Faces/RobotoTiny.uasset" 221
"../../../Engine/Content/EngineFonts/RobotoTiny.uasset" 222
"../../../Engine/Content/EngineFonts/SmallFont.uasset" 223
"../../../Engine/Content/EngineFonts/TinyFont.uasset" 224
"../../../Engine/Content/EngineMaterials/BaseFlattenDiffuseMap.uasset" 225
"../../../Engine/Content/EngineMaterials/BaseFlattenEmissiveMap.uasset" 226
"../../../Engine/Content/EngineMaterials/BaseFlattenGrayscaleMap.uasset" 227
"../../../Engine/Content/EngineMaterials/BaseFlattenNormalMap.uasset" 228
"../../../Engine/Content/EngineMaterials/BaseFlattenMaterial.uasset" 229
"../../../Engine/Content/EngineResources/WhiteSquareTexture.uasset" 230
"../../../Engine/Content/EngineMaterials/BlinkingCaret.uasset" 231
"../../../Engine/Content/EngineMaterials/BlueNoise.uasset" 232
"../../../Engine/Content/EngineMaterials/DefaultBloomKernel.uasset" 233
"../../../Engine/Content/EngineMaterials/DefaultBokeh.uasset" 234
"../../../Engine/Content/EngineMaterials/DefaultDiffuse.uasset" 235
"../../../Engine/Content/EngineMaterials/DefaultDeferredDecalMaterial.uasset" 236
"../../../Engine/Content/EngineMaterials/DefaultLightFunctionMaterial.uasset" 237
"../../../Engine/Content/EngineMaterials/DefaultNormal.uasset" 238
"../../../Engine/Content/EngineMaterials/DefaultPostProcessMaterial.uasset" 239
"../../../Engine/Content/EngineFonts/RobotoDistanceField.uasset" 240
"../../../Engine/Content/EngineMaterials/DefaultTextMaterialOpaque.uasset" 241
"../../../Engine/Content/EngineMaterials/DefaultVirtualTextureMaterial.uasset" 242
"../../../Engine/Content/EngineMaterials/EditorBrushMaterial.uasset" 243
"../../../Engine/Content/EngineMaterials/DefaultWhiteGrid_Low.uasset" 244
"../../../Engine/Content/EngineMaterials/EmissiveMeshMaterial.uasset" 245
"../../../Engine/Content/EngineMaterials/Good64x64TilingNoiseHighFreq.uasset" 246
"../../../Engine/Content/EngineMaterials/Grid_N.uasset" 247
"../../../Engine/Content/EngineMaterials/HighResolutionScreenshotMaskFunction.uasset" 248
"../../../Engine/Content/EngineMaterials/HighResScreenshot.uasset" 249
"../../../Engine/Content/EngineMaterials/HighResScreenshotCaptureRegion.uasset" 250
"../../../Engine/Content/EngineMaterials/HighResScreenshotMask.uasset" 251
"../../../Engine/Content/EngineMaterials/LandscapeHolePhysicalMaterial.uasset" 252
"../../../Engine/Content/EngineMaterials/InvalidLightmapSettings.uasset" 253
"../../../Engine/Content/EngineMaterials/M_InvalidLightmapSettings.uasset" 254
"../../../Engine/Content/EngineMaterials/PaperDiffuse.uasset" 255
"../../../Engine/Content/EngineMaterials/PaperNormal.uasset" 256
"../../../Engine/Content/Functions/Engine_MaterialFunctions02/WorldPositionOffset/CameraOffset.uasset" 257
"../../../Engine/Content/EngineMaterials/PhAT_JointLimitMaterial.uasset" 258
"../../../Engine/Content/EngineMaterials/PhysMat_Rubber.uasset" 259
"../../../Engine/Content/EngineMaterials/PreintegratedSkinBRDF.uasset" 260
"../../../Engine/Content/EngineMaterials/RemoveSurfaceMaterial.uasset" 261
"../../../Engine/Content/EngineMaterials/WeightMapPlaceholderTexture.uasset" 262
"../../../Engine/Content/EngineMaterials/Widget3DPassThrough.uasset" 263
"../../../Engine/Content/EngineMaterials/Widget3DPassThrough_Masked.uasset" 264
"../../../Engine/Content/EngineMaterials/Widget3DPassThrough_Opaque.uasset" 265
"../../../Engine/Content/EngineMaterials/Widget3DPassThrough_Masked_OneSided.uasset" 266
"../../../Engine/Content/EngineMaterials/Widget3DPassThrough_Opaque_OneSided.uasset" 267
"../../../Engine/Content/EngineMaterials/Widget3DPassThrough_Translucent.uasset" 268
"../../../Engine/Content/EngineMaterials/Widget3DPassThrough_Translucent_OneSided.uasset" 269
"../../../Engine/Content/EngineMeshes/Cylinder.uasset" 270
"../../../Engine/Content/EngineMeshes/Sphere.uasset" 271
"../../../Engine/Content/EngineResources/Black.uasset" 272
"../../../Engine/Content/EngineResources/DefaultTexture.uasset" 273
"../../../Engine/Content/EngineResources/DefaultTextureCube.uasset" 274
"../../../Engine/Content/EngineResources/DefaultVolumeTexture2D.uasset" 275
"../../../Engine/Content/EngineResources/DefaultVolumeTexture.uasset" 276
"../../../Engine/Content/EngineResources/GradientTexture0.uasset" 277
"../../../Engine/Content/EngineResources/StreamingPauseIcon.uasset" 278
"../../../Engine/Content/EngineResources/M_StreamingPause.uasset" 279
"../../../Engine/Content/EngineSounds/Master.uasset" 280
"../../../Engine/Content/Functions/Engine_MaterialFunctions01/Shading/PowerToRoughness.uasset" 281
"../../../Engine/Content/Maps/Templates/Thumbnails/Default.uasset" 282
"../../../Engine/Content/Maps/Templates/Thumbnails/VR-Basic.uasset" 283
"../../../Engine/Content/MapTemplates/Sky/DaylightAmbientCubemap.uasset" 284
"../../../Engine/Content/MobileResources/T_MobileControls_texture.uasset" 285
"../../../Engine/Content/MobileResources/T_MobileMenu2.uasset" 286
"../../../Engine/Content/MobileResources/HUD/AnalogHat.uasset" 287
"../../../Engine/Content/MobileResources/HUD/VirtualJoystick_Background.uasset" 288
"../../../Engine/Content/MobileResources/HUD/VirtualJoystick_Thumb.uasset" 289
"../../../Engine/Content/MobileResources/HUD/DefaultVirtualJoysticks.uasset" 290
"../../../Engine/Content/MobileResources/HUD/LeftVirtualJoystickOnly.uasset" 291
"../../../Engine/Content/MobileResources/HUD/MobileHUDButton1_off.uasset" 292
"../../../Engine/Content/MobileResources/HUD/MobileHUDButton1_on.uasset" 293
"../../../Engine/Content/MobileResources/HUD/MobileHUDButton2_off.uasset" 294
"../../../Engine/Content/MobileResources/HUD/MobileHUDButton2_on.uasset" 295
"../../../Engine/Content/MobileResources/HUD/MobileHUDButton3.uasset" 296
"../../../Engine/Content/MobileResources/HUD/MobileHUDButtonFire.uasset" 297
"../../../Engine/Content/MobileResources/HUD/MobileHUDDirectionPad.uasset" 298
"../../../Engine/Content/MobileResources/HUD/MobileHUDDirectionPad2.uasset" 299
"../../../Engine/Content/MobileResources/HUD/MobileHUDDirectionPad3.uasset" 300
"../../../Engine/Content/MobileResources/HUD/MobileHUDDirectionStick.uasset" 301
"../../../Engine/Content/MobileResources/HUD/T_Castle_ThumbstickInner.uasset" 302
"../../../Engine/Content/MobileResources/HUD/T_Castle_ThumbstickOutter.uasset" 303
"../../../Engine/Content/Tutorial/ContentIntroCurve.uasset" 304
"../../../Engine/Content/Tutorial/Basics/LevelEditorAttract.uasset" 305
"../../../Engine/Content/Tutorial/Basics/TutorialAssets/icon_tab_Levels_40x.uasset" 306
"../../../Engine/Content/Tutorial/Basics/LevelEditorOverview.uasset" 307
"../../../Engine/Content/Tutorial/BlueprintTutorials/TutorialAssets/Blueprint_64x.uasset" 308
"../../../Engine/Content/Tutorial/BlueprintTutorials/BlueprintEditorTutorial.uasset" 309
"../../../Engine/Content/Tutorial/BlueprintTutorials/TutorialAssets/BlueprintMacroLibrary_64x.uasset" 310
"../../../Engine/Content/Tutorial/BlueprintTutorials/BlueprintMacroLibrariesEditorOverview.uasset" 311
"../../../Engine/Content/Tutorial/BlueprintTutorials/TutorialAssets/Tutorial_BP_MacroLib.uasset" 312
"../../../Engine/Content/Tutorial/Foliage/TutorialAssets/Foliage.uasset" 313
"../../../Engine/Content/Tutorial/Landscape/TutorialAssets/Landscape.uasset" 314
"../../../Engine/Content/Tutorial/Paper2D/TutorialAssets/Paper2DSprite_TutorialIcon.uasset" 315
"../../../Engine/Content/Tutorial/SubEditors/TutorialAssets/icon_Editor_Preferences_General_40x.uasset" 316
"../../../Engine/Content/Tutorial/SubEditors/TutorialAssets/icon_ShowSkeletalMeshes_40x.uasset" 317
"../../../Engine/Content/VREditor/LaserPointer/VR_LaserPower_01.uasset" 318
"../../../Engine/Content/VREditor/TransformGizmo/TransformGizmoMaterial.uasset" 319
"../../../Engine/Content/VREditor/TransformGizmo/TranslucentTransformGizmoMaterial.uasset" 320
"../../../Engine/Content/VREditor/TransformGizmo/BoundingBoxCorner.uasset" 321
"../../../Engine/Content/VREditor/TransformGizmo/BoundingBoxEdge.uasset" 322
"../../../Engine/Content/VREditor/TransformGizmo/PlaneTranslationHandle.uasset" 323
"../../../Engine/Content/VREditor/TransformGizmo/Main.uasset" 324
"../../../Engine/Content/VREditor/TransformGizmo/Xray.uasset" 325
"../../../Engine/Content/VREditor/TransformGizmo/SM_Sequencer_Key.uasset" 326
"../../../Engine/Content/VREditor/TransformGizmo/SM_Sequencer_Node.uasset" 327
"D:/WSNetProd/Content/Assets/StarterContent/Textures/T_Burst_M.uasset" 328
"D:/WSNetProd/Content/Assets/StarterContent/Particles/Materials/M_Burst.uasset" 329
"D:/WSNetProd/Content/Assets/StarterContent/Textures/T_Explosion_SubUV.uasset" 330
"D:/WSNetProd/Content/Assets/StarterContent/Particles/Materials/M_explosion_subUV.uasset" 331
"D:/WSNetProd/Content/Assets/StarterContent/Particles/Materials/m_flare_01.uasset" 332
"../../../Engine/Content/Functions/Engine_MaterialFunctions01/Gradient/RadialGradient.uasset" 333
"D:/WSNetProd/Content/Assets/StarterContent/Particles/Materials/M_radial_ramp.uasset" 334
"D:/WSNetProd/Content/Assets/StarterContent/Textures/T_Smoke_SubUV.uasset" 335
"D:/WSNetProd/Content/Assets/StarterContent/Textures/T_Smoke_Tiled_D.uasset" 336
"D:/WSNetProd/Content/Assets/StarterContent/Particles/Materials/M_smoke_subUV.uasset" 337
"D:/WSNetProd/Content/Assets/StarterContent/Particles/P_Explosion.uasset" 338
"D:/WSNetProd/Content/Assets/StarterContent/Materials/M_Basic_Wall.uasset" 339
"D:/WSNetProd/Content/Assets/StarterContent/Shapes/Shape_Sphere.uasset" 340
"D:/WSNetProd/Content/Blueprints/GIBP_WSNetProdGameInstance.uasset" 341
"../../../Engine/Content/Animation/DefaultAnimCurveCompressionSettings.uasset" 342
"../../Plugins/2D/Paper2D/Content/PlaceholderTextures/DummySpriteTexture.uasset" 343
"../../Plugins/2D/Paper2D/Content/DummySprite.uasset" 344
"../../Plugins/2D/Paper2D/Content/DefaultPaperTerrainMaterial.uasset" 345
"../../Plugins/2D/Paper2D/Content/DefaultSpriteMaterial.uasset" 346
"../../Plugins/2D/Paper2D/Content/MaskedUnlitSpriteMaterial.uasset" 347
"../../Plugins/2D/Paper2D/Content/OpaqueUnlitSpriteMaterial.uasset" 348
"../../Plugins/Enterprise/DatasmithContent/Content/Blueprints/FBXImporter/ArrayOfActor.uasset" 349
"../../Plugins/Enterprise/DatasmithContent/Content/Blueprints/FBXImporter/ArrayOfSwitch.uasset" 350
"../../Plugins/Enterprise/DatasmithContent/Content/Blueprints/FBXImporter/BP_SceneNode.uasset" 351
"../../Plugins/Enterprise/DatasmithContent/Content/Blueprints/FBXImporter/BP_Switch.uasset" 352
"../../Plugins/Enterprise/DatasmithContent/Content/Blueprints/FBXImporter/BP_SceneRoot.uasset" 353
"../../Plugins/Enterprise/DatasmithContent/Content/Blueprints/FBXImporter/FBXImporterUtils.uasset" 354
"../../Plugins/Enterprise/DatasmithContent/Content/Blueprints/FBXImporter/Animation/DeltaGenAnimationTrackType.uasset" 355
"../../Plugins/Enterprise/DatasmithContent/Content/Blueprints/FBXImporter/Animation/VREDAnimationTrackComponent.uasset" 356
"../../Plugins/Enterprise/DatasmithContent/Content/Blueprints/FBXImporter/Animation/VREDAnimationTrackType.uasset" 357
"../../Plugins/Enterprise/DatasmithContent/Content/Blueprints/FBXImporter/Animation/VREDAnimCurveComponent.uasset" 358
"../../Plugins/Enterprise/DatasmithContent/Content/Blueprints/FBXImporter/Animation/VREDAnimCurveType.uasset" 359
"../../Plugins/Enterprise/DatasmithContent/Content/Blueprints/FBXImporter/Variants/VariantSwitchType.uasset" 360
"../../Plugins/Enterprise/DatasmithContent/Content/Blueprints/FBXImporter/Variants/VREDVariantSwitchType.uasset" 361
"../../Plugins/Enterprise/DatasmithContent/Content/Blueprints/FBXImporter/Variants/VREDVariantType.uasset" 362
"../../../Engine/Content/Maps/Entry_BuiltData.uasset" 363
"../../../Engine/Content/Maps/Entry.umap" 364
"../../../Engine/Content/EngineSky/C_Sky_Cloud_Color.uasset" 365
"../../../Engine/Content/EngineSky/C_Sky_Horizon_Color.uasset" 366
"../../../Engine/Content/EngineSky/C_Sky_Zenith_Color.uasset" 367
"../../../Engine/Content/EngineSky/T_Sky_Blue.uasset" 368
"../../../Engine/Content/EngineSky/T_Sky_Clouds_M.uasset" 369
"../../../Engine/Content/EngineSky/T_Sky_Stars.uasset" 370
"../../../Engine/Content/EngineSky/M_Sky_Panning_Clouds2.uasset" 371
"../../../Engine/Content/EngineSky/SM_SkySphere.uasset" 372
"../../../Engine/Content/EngineSky/BP_Sky_Sphere.uasset" 373
"D:/WSNetProd/Content/Blueprints/BP_HUD.uasset" 374
"D:/WSNetProd/Content/Assets/Characters/FirstPerson/SimpleMil/SimpleMilitary_FPS_Skeleton.uasset" 375
"D:/WSNetProd/Content/Assets/Characters/FirstPerson/SimpleMil/Anims/FPS_Rifle_Aiming_Idle.uasset" 376
"D:/WSNetProd/Content/Assets/Characters/FirstPerson/SimpleMil/Anims/FPS_Rifle_Running.uasset" 377
"D:/WSNetProd/Content/Assets/Characters/FirstPerson/SimpleMil/Anims/Jump_Down.uasset" 378
"D:/WSNetProd/Content/Assets/Characters/FirstPerson/SimpleMil/Anims/Jump_Loop.uasset" 379
"D:/WSNetProd/Content/Assets/Characters/FirstPerson/SimpleMil/Anims/Jump_Up.uasset" 380
"D:/WSNetProd/Content/Assets/Characters/FirstPerson/SimpleMil/Anims/ABP_FPS_Arms.uasset" 381
"../../../Engine/Content/EngineMeshes/Humanoid.uasset" 382
"D:/WSNetProd/Content/SimpleMilitary/Meshes/Characters/SK_Military_Skeleton.uasset" 383
"D:/WSNetProd/Content/Assets/Characters/ThirdPerson/Idle.uasset" 384
"D:/WSNetProd/Content/Assets/Characters/ThirdPerson/Run_Backwards.uasset" 385
"D:/WSNetProd/Content/Assets/Characters/ThirdPerson/Run_Forward.uasset" 386
"D:/WSNetProd/Content/Assets/Characters/ThirdPerson/Run_Forward_Left.uasset" 387
"D:/WSNetProd/Content/Assets/Characters/ThirdPerson/Run_Forward_Right.uasset" 388
"D:/WSNetProd/Content/Assets/Characters/ThirdPerson/Sprint_Forward.uasset" 389
"D:/WSNetProd/Content/Assets/Characters/ThirdPerson/Sprint_Forward_Left.uasset" 390
"D:/WSNetProd/Content/Assets/Characters/ThirdPerson/Sprint_Forward_Right.uasset" 391
"D:/WSNetProd/Content/Assets/Characters/ThirdPerson/Strafe_Left.uasset" 392
"D:/WSNetProd/Content/Assets/Characters/ThirdPerson/Strafe_Right.uasset" 393
"D:/WSNetProd/Content/Assets/Characters/ThirdPerson/ABSBP_Movement.uasset" 394
"D:/WSNetProd/Content/Assets/Characters/ThirdPerson/ABP_Player.uasset" 395
"D:/WSNetProd/Content/Mannequin/Character/Mesh/UE4_Mannequin_Skeleton.uasset" 396
"D:/WSNetProd/Content/Mannequin/Animations/ThirdPerson_Jump.uasset" 397
"D:/WSNetProd/Content/Mannequin/Animations/ThirdPersonJump_Loop.uasset" 398
"D:/WSNetProd/Content/Mannequin/Animations/ThirdPersonJump_Start.uasset" 399
"D:/WSNetProd/Content/Mannequin/Animations/ThirdPersonIdle.uasset" 400
"D:/WSNetProd/Content/Mannequin/Animations/ThirdPersonRun.uasset" 401
"D:/WSNetProd/Content/Mannequin/Animations/ThirdPersonWalk.uasset" 402
"D:/WSNetProd/Content/Mannequin/Animations/ThirdPerson_IdleRun_2D.uasset" 403
"D:/WSNetProd/Content/Mannequin/Animations/ThirdPerson_AnimBP.uasset" 404
"../../../Engine/Content/Functions/Engine_MaterialFunctions02/Utility/BlendAngleCorrectedNormals.uasset" 405
"../../../Engine/Content/Functions/MaterialLayerFunctions/MatLayerBlend_NormalBlend.uasset" 406
"../../../Engine/Content/Functions/MaterialLayerFunctions/MatLayerBlend_Simple.uasset" 407
"D:/WSNetProd/Content/Mannequin/Character/Materials/MaterialLayers/T_ML_Rubber_Blue_01_D.uasset" 408
"D:/WSNetProd/Content/Mannequin/Character/Materials/MaterialLayers/T_ML_Rubber_Blue_01_N.uasset" 409
"D:/WSNetProd/Content/Mannequin/Character/Materials/MaterialLayers/ML_GlossyBlack_Latex_UE4.uasset" 410
"D:/WSNetProd/Content/Mannequin/Character/Materials/MaterialLayers/ML_Plastic_Shiny_Beige.uasset" 411
"D:/WSNetProd/Content/Mannequin/Character/Textures/UE4_LOGO_CARD.uasset" 412
"D:/WSNetProd/Content/Mannequin/Character/Materials/MaterialLayers/ML_Plastic_Shiny_Beige_LOGO.uasset" 413
"D:/WSNetProd/Content/Mannequin/Character/Materials/MaterialLayers/T_ML_Aluminum01.uasset" 414
"D:/WSNetProd/Content/Mannequin/Character/Materials/MaterialLayers/T_ML_Aluminum01_N.uasset" 415
"D:/WSNetProd/Content/Mannequin/Character/Materials/MaterialLayers/ML_SoftMetal_UE4.uasset" 416
"D:/WSNetProd/Content/Mannequin/Character/Textures/UE4_Mannequin__normals.uasset" 417
"D:/WSNetProd/Content/Mannequin/Character/Textures/UE4_Mannequin_MAT_MASKA.uasset" 418
"D:/WSNetProd/Content/Mannequin/Character/Materials/M_UE4Man_Body.uasset" 419
"D:/WSNetProd/Content/Mannequin/Character/Textures/UE4Man_Logo_N.uasset" 420
"D:/WSNetProd/Content/Mannequin/Character/Materials/M_UE4Man_ChestLogo.uasset" 421
"D:/WSNetProd/Content/Mannequin/Character/Mesh/SK_Mannequin_PhysicsAsset.uasset" 422
"D:/WSNetProd/Content/Mannequin/Character/Mesh/SK_Mannequin.uasset" 423
"D:/WSNetProd/Content/Reticles/Textures/T_TypeA_horiz.uasset" 424
"D:/WSNetProd/Content/Reticles/Textures/T_TypeA_vert.uasset" 425
"D:/WSNetProd/Content/Reticles/Widgets/WBP_Reticle_TypeA_3_v01.uasset" 426
"D:/WSNetProd/Content/Reticles/Widgets/WBP_Reticle_TypeA_3_v02.uasset" 427
"D:/WSNetProd/Content/Reticles/Textures/T_Circle_Filled.uasset" 428
"D:/WSNetProd/Content/Reticles/Widgets/WBP_Reticle_TypeA_3_v03.uasset" 429
"D:/WSNetProd/Content/Reticles/Widgets/WBP_Reticle_TypeA_3_v04.uasset" 430
"D:/WSNetProd/Content/Reticles/Widgets/WBP_Reticle_TypeA_3_v05.uasset" 431
"D:/WSNetProd/Content/Reticles/Widgets/WBP_Reticle_TypeA_4_v00.uasset" 432
"D:/WSNetProd/Content/Reticles/Widgets/WBP_Reticle_TypeA_4_v01.uasset" 433
"D:/WSNetProd/Content/Reticles/Widgets/WBP_Reticle_TypeA_4_v02.uasset" 434
"D:/WSNetProd/Content/Reticles/Widgets/WBP_Reticle_TypeA_4_v03.uasset" 435
"D:/WSNetProd/Content/Reticles/Textures/T_TypeB_horiz.uasset" 436
"D:/WSNetProd/Content/Reticles/Textures/T_TypeB_vert.uasset" 437
"D:/WSNetProd/Content/Reticles/Widgets/WBP_Reticle_TypeB_4_v00.uasset" 438
"D:/WSNetProd/Content/Reticles/Widgets/WBP_Reticle_TypeB_4_v01.uasset" 439
"D:/WSNetProd/Content/Reticles/Textures/T_Circle_Border.uasset" 440
"D:/WSNetProd/Content/Reticles/Widgets/WBP_Reticle_TypeC_1_v00.uasset" 441
"D:/WSNetProd/Content/Reticles/Widgets/WBP_Reticle_TypeC_1_v01.uasset" 442
"D:/WSNetProd/Content/Reticles/Widgets/WBP_Reticle_TypeC_1_v02.uasset" 443
"D:/WSNetProd/Content/Reticles/Widgets/WBP_Reticle_TypeC_1_v03.uasset" 444
"D:/WSNetProd/Content/Reticles/Textures/T_Arc.uasset" 445
"D:/WSNetProd/Content/Reticles/Widgets/WBP_Reticle_TypeD_3_v00.uasset" 446
"D:/WSNetProd/Content/Reticles/Widgets/WBP_Reticle_TypeD_3_v01.uasset" 447
"D:/WSNetProd/Content/Reticles/Widgets/WBP_Reticle_TypeD_3_v02.uasset" 448
"D:/WSNetProd/Content/Reticles/Widgets/WBP_Reticle_TypeD_3_v03.uasset" 449
"D:/WSNetProd/Content/Reticles/Widgets/WBP_Reticle_TypeD_4_v00.uasset" 450
"D:/WSNetProd/Content/Reticles/Widgets/WBP_Reticle_TypeD_4_v01.uasset" 451
"D:/WSNetProd/Content/Reticles/Textures/T_Square_Edge.uasset" 452
"D:/WSNetProd/Content/Reticles/Widgets/WBP_Reticle_TypeE_4_v00.uasset" 453
"D:/WSNetProd/Content/Reticles/Widgets/WBP_Reticle_TypeE_4_v01.uasset" 454
"D:/WSNetProd/Content/Reticles/Widgets/WBP_Reticle_TypeE_4_v02.uasset" 455
"D:/WSNetProd/Content/Reticles/Widgets/WBP_Reticle_TypeE_4_v03.uasset" 456
"D:/WSNetProd/Content/Reticles/Widgets/WBP_Reticle_TypeE_4_v04.uasset" 457
"D:/WSNetProd/Content/Reticles/Widgets/WBP_Reticle_TypeE_4_v05.uasset" 458
"D:/WSNetProd/Content/Reticles/Widgets/WBP_Reticle_TypeF_2_v00.uasset" 459
"D:/WSNetProd/Content/Reticles/Widgets/WBP_Reticle_TypeF_2_v01.uasset" 460
"D:/WSNetProd/Content/Reticles/Widgets/WBP_Reticle_TypeF_2_v02.uasset" 461
"D:/WSNetProd/Content/Reticles/Widgets/WBP_Reticle_TypeF_2_v03.uasset" 462
"D:/WSNetProd/Content/Reticles/Widgets/WBP_Reticle_TypeF_2_v04.uasset" 463
"D:/WSNetProd/Content/Reticles/Textures/T_TypeGL.uasset" 464
"D:/WSNetProd/Content/Reticles/Widgets/WBP_Reticle_TypeF_2_v05.uasset" 465
"D:/WSNetProd/Content/ThirdPersonBP/Blueprints/ThirdPersonCharacter.uasset" 466
"D:/WSNetProd/Content/Reticles/Widgets/WBP_Reticle_Base.uasset" 467
"D:/WSNetProd/Content/Reticles/Widgets/WBP_Reticle_TypeA_3_v00.uasset" 468
"D:/WSNetProd/Content/Blueprints/BPML_WSNetProdCharacter.uasset" 469
"D:/WSNetProd/Content/SimpleMilitary/Textures/T_Military_Main.uasset" 470
"D:/WSNetProd/Content/SimpleMilitary/Materials/M_Military_Main.uasset" 471
"D:/WSNetProd/Content/SimpleMilitary/Meshes/Weapons_Rigged/SK_Wep_AK47_01_PhysicsAsset.uasset" 472
"D:/WSNetProd/Content/SimpleMilitary/Meshes/Weapons_Rigged/SK_Wep_AK47_01_Skeleton.uasset" 473
"D:/WSNetProd/Content/SimpleMilitary/Meshes/Weapons_Rigged/SK_Wep_AK47_01.uasset" 474
"D:/WSNetProd/Content/Blueprints/BP_AK47.uasset" 475
"D:/WSNetProd/Content/Assets/Characters/FirstPerson/SimpleMil/SimpleMilitary_Soldier01_White.uasset" 476
"D:/WSNetProd/Content/Assets/Characters/FirstPerson/SimpleMil/M_FPSArms.uasset" 477
"D:/WSNetProd/Content/Assets/Characters/FirstPerson/SimpleMil/SimpleMilitary_FPS_PhysicsAsset.uasset" 478
"D:/WSNetProd/Content/Assets/Characters/FirstPerson/SimpleMil/SimpleMilitary_FPS.uasset" 479
"D:/WSNetProd/Content/SimpleMilitary/Textures/T_Soldier01_White.uasset" 480
"D:/WSNetProd/Content/SimpleMilitary/Materials/M_Soldier_01.uasset" 481
"D:/WSNetProd/Content/SimpleMilitary/Meshes/Characters/SK_Soldier_01_PhysicsAsset.uasset" 482
"D:/WSNetProd/Content/SimpleMilitary/Meshes/Characters/SK_Soldier_01.uasset" 483
"D:/WSNetProd/Content/Blueprints/MyWSNetProdCharacter.uasset" 484
"D:/WSNetProd/Content/Blueprints/BPGM_Gameplay.uasset" 485
"D:/WSNetProd/Content/Maps/Level1_BuiltData.uasset" 486
"D:/WSNetProd/Content/Assets/StarterContent/Textures/T_Ground_Gravel_D.uasset" 487
"D:/WSNetProd/Content/Assets/StarterContent/Textures/T_Ground_Gravel_N.uasset" 488
"D:/WSNetProd/Content/Assets/StarterContent/Textures/T_MacroVariation.uasset" 489
"D:/WSNetProd/Content/Assets/StarterContent/Textures/T_Perlin_Noise_M.uasset" 490
"D:/WSNetProd/Content/Assets/StarterContent/Materials/M_Ground_Gravel.uasset" 491
"../../../Engine/Content/BasicShapes/Cube.uasset" 492
"D:/WSNetProd/Content/SimpleMilitary/Textures/T_JungleCommando_White.uasset" 493
"D:/WSNetProd/Content/SimpleMilitary/Materials/M_JungleCommando.uasset" 494
"D:/WSNetProd/Content/SimpleMilitary/Meshes/Characters/SK_JungleCommando_PhysicsAsset.uasset" 495
"D:/WSNetProd/Content/SimpleMilitary/Meshes/Characters/SK_JungleCommando.uasset" 496
"D:/WSNetProd/Content/Maps/Level1.umap" 497
"D:/WSNetProd/Content/UMG/WBP_ServerEntry.uasset" 498
"D:/WSNetProd/Content/UMG/WBP_ServerMenu.uasset" 499
"D:/WSNetProd/Content/Blueprints/MainMenu/BP_MainMenuCharacter.uasset" 500
"D:/WSNetProd/Content/Blueprints/MainMenu/GM_MainMenu.uasset" 501
"D:/WSNetProd/Content/Maps/MainMenu.umap" 502
